<?xml version="1.0" encoding="UTF-8"?>
<!-- Generated by org.testng.reporters.JUnitXMLReporter -->
<testsuite ignored="0" hostname="DESKTOP-8GAKHLN" failures="1" tests="12" name="Test" time="0.015" errors="0" timestamp="10 Jun. 2021 02:42:57 GMT">
  <testcase classname="selenium.Test1" name="f" time="0.0"/>
  <testcase classname="selenium.Test1" name="f" time="0.0"/>
  <testcase classname="selenium.Test1" name="f" time="0.0"/>
  <testcase classname="selenium.Test1" name="f" time="0.0"/>
  <testcase classname="selenium.Test1" name="test1" time="0.0"/>
  <testcase classname="selenium.Test1" name="test2" time="0.0"/>
  <testcase classname="selenium.Test1" name="test3" time="0.0"/>
  <testcase classname="selenium.Test2" name="test4" time="0.0"/>
  <testcase classname="selenium.Test2" name="test5" time="0.0"/>
  <testcase classname="selenium.Test3" name="test6" time="0.0"/>
  <testcase classname="selenium.Test3" name="test7" time="0.0">
    <failure type="java.lang.AssertionError" message="The following asserts failed:
	element verify expected [true] but found [false]">
      <![CDATA[java.lang.AssertionError: The following asserts failed:
element verify expected [true] but found [false]
at selenium.Test3.test7(Test3.java:25)
... Removed 25 stack frames]]>
    </failure>
  </testcase> <!-- test7 -->
  <testcase classname="selenium.Test3" name="test8" time="0.0">
    <skipped/>
  </testcase> <!-- test8 -->
</testsuite> <!-- Test -->
